Connection established!
Table created successfully!
Blocks_7601063_8742958.csv parsed successfully!
Insert data into table mainnet_all successfully!
mainnet 1 insert accomplished!
Blocks_8742959_9737132.csv parsed successfully!
Insert data into table mainnet_all successfully!
mainnet 2 insert accomplished!
Blocks_9737133_9992019.csv parsed successfully!
Insert data into table mainnet_all successfully!
mainnet 3 insert accomplished!
Blocks_9992020_12020336.csv parsed successfully!
Insert data into table mainnet_all successfully!
mainnet 4 insert accomplished!
Blocks_12020337_12609236.csv parsed successfully!
Insert data into table mainnet_all successfully!
mainnet 5 insert accomplished!
Blocks_12609237_13404173.csv parsed successfully!
Insert data into table mainnet_all successfully!
mainnet 6 insert accomplished!
Blocks_13404174_13950741.csv parsed successfully!
Insert data into table mainnet_all successfully!
mainnet 7 insert accomplished!
Blocks_13950742_14892103.csv parsed successfully!
Insert data into table mainnet_all successfully!
mainnet 8 insert accomplished!
Blocks_14892104_15791890.csv parsed successfully!
Insert data into table mainnet_all successfully!
mainnet 9 insert accomplished!
Blocks_15791891_16755601.csv parsed successfully!
Insert data into table mainnet_all successfully!
mainnet 10 insert accomplished!
Blocks_16755602_17544522.csv parsed successfully!
Insert data into table mainnet_all successfully!
mainnet 11 insert accomplished!
Blocks_17544523_18587477.csv parsed successfully!
Insert data into table mainnet_all successfully!
mainnet 12 insert accomplished!
Blocks_18587478_19050752.csv parsed successfully!
Insert data into table mainnet_all successfully!
mainnet 13 insert accomplished!
Disconnect to the db!
